<?xml version="1.0" encoding="UTF-8"?>
<!-- Generated by org.testng.reporters.JUnitReportReporter -->
<testsuite hostname="DESKTOP-80UPHCR" name="scripts.s1" tests="2" failures="0" timestamp="17 Dec 2019 03:15:30 GMT" time="142.295" errors="0">
  <testcase name="actilogin" time="98.768" classname="scripts.s1"/>
  <testcase name="actilogin" time="43.527" classname="scripts.s1"/>
</testsuite> <!-- scripts.s1 -->
